<?xml version="1.0" encoding="utf-8"?><testsuites name="pytest tests"><testsuite name="pytest" errors="0" failures="1" skipped="5" tests="28" time="11.071" timestamp="2026-03-09T11:19:11.193002+00:00" hostname="agent-env-4ed8441b-0171-49e3-a1f1-6fb2ca63c9e6"><testcase classname="tests.test_aljabr_api.TestHealthAndPublicEndpoints" name="test_api_root" time="0.248" /><testcase classname="tests.test_aljabr_api.TestHealthAndPublicEndpoints" name="test_get_cities" time="0.106" /><testcase classname="tests.test_aljabr_api.TestHealthAndPublicEndpoints" name="test_get_categories" time="0.099" /><testcase classname="tests.test_aljabr_api.TestAuthentication" name="test_manager_login" time="0.376" /><testcase classname="tests.test_aljabr_api.TestAuthentication" name="test_supervisor_login" time="0.362"><failure message="assert 401 == 200&#10; +  where 401 = &lt;Response [401]&gt;.status_code">tests/test_aljabr_api.py:64: in test_supervisor_login
    assert response.status_code == 200
E   assert 401 == 200
E    +  where 401 = &lt;Response [401]&gt;.status_code</failure></testcase><testcase classname="tests.test_aljabr_api.TestAuthentication" name="test_invalid_credentials" time="0.108" /><testcase classname="tests.test_aljabr_api.TestManagerEndpoints" name="test_manager_auth_me" time="0.480" /><testcase classname="tests.test_aljabr_api.TestManagerEndpoints" name="test_manager_get_all_requests" time="0.498" /><testcase classname="tests.test_aljabr_api.TestManagerEndpoints" name="test_manager_get_stats" time="0.465" /><testcase classname="tests.test_aljabr_api.TestManagerEndpoints" name="test_manager_get_users" time="0.419" /><testcase classname="tests.test_aljabr_api.TestManagerEndpoints" name="test_manager_get_supervisors" time="0.431" /><testcase classname="tests.test_aljabr_api.TestManagerEndpoints" name="test_manager_get_notifications" time="0.465" /><testcase classname="tests.test_aljabr_api.TestManagerEndpoints" name="test_manager_unread_count" time="0.449" /><testcase classname="tests.test_aljabr_api.TestSupervisorEndpoints" name="test_supervisor_auth_me" time="0.338"><skipped type="pytest.skip" message="Supervisor login failed">/app/backend/tests/test_aljabr_api.py:180: Supervisor login failed</skipped></testcase><testcase classname="tests.test_aljabr_api.TestSupervisorEndpoints" name="test_supervisor_get_assigned_requests" time="0.332"><skipped type="pytest.skip" message="Supervisor login failed">/app/backend/tests/test_aljabr_api.py:188: Supervisor login failed</skipped></testcase><testcase classname="tests.test_aljabr_api.TestSupervisorEndpoints" name="test_supervisor_get_stats" time="0.337"><skipped type="pytest.skip" message="Supervisor login failed">/app/backend/tests/test_aljabr_api.py:196: Supervisor login failed</skipped></testcase><testcase classname="tests.test_aljabr_api.TestSupervisorEndpoints" name="test_supervisor_denied_users_access" time="0.341"><skipped type="pytest.skip" message="Supervisor login failed">/app/backend/tests/test_aljabr_api.py:204: Supervisor login failed</skipped></testcase><testcase classname="tests.test_aljabr_api.TestSupervisorEndpoints" name="test_supervisor_get_notifications" time="0.321"><skipped type="pytest.skip" message="Supervisor login failed">/app/backend/tests/test_aljabr_api.py:209: Supervisor login failed</skipped></testcase><testcase classname="tests.test_aljabr_api.TestPublicBranchRequests" name="test_create_edit_branch_request" time="0.344" /><testcase classname="tests.test_aljabr_api.TestPublicBranchRequests" name="test_create_new_branch_request" time="0.295" /><testcase classname="tests.test_aljabr_api.TestFiltersAndSearch" name="test_filter_by_status" time="0.425" /><testcase classname="tests.test_aljabr_api.TestFiltersAndSearch" name="test_filter_by_city" time="0.443" /><testcase classname="tests.test_aljabr_api.TestFiltersAndSearch" name="test_search_by_branch_name" time="0.427" /><testcase classname="tests.test_aljabr_api.TestRequestDetailAndStatusUpdate" name="test_get_request_detail" time="0.567" /><testcase classname="tests.test_aljabr_api.TestRequestDetailAndStatusUpdate" name="test_update_request_status" time="0.543" /><testcase classname="tests.test_aljabr_api.TestTeamManagement" name="test_manager_can_register_new_user" time="0.868" /><testcase classname="tests.test_aljabr_api.TestProfile" name="test_get_profile" time="0.444" /><testcase classname="tests.test_aljabr_api.TestProfile" name="test_update_profile" time="0.436" /></testsuite></testsuites>