<?xml version="1.0" encoding="utf-8"?><testsuites name="pytest tests"><testsuite name="pytest" errors="0" failures="0" skipped="0" tests="20" time="5.734" timestamp="2026-04-07T10:59:25.961503+00:00" hostname="agent-env-4ed8441b-0171-49e3-a1f1-6fb2ca63c9e6"><testcase classname="backend.tests.test_request_management.TestRequestTypesEndpoints" name="test_get_request_types_empty_or_list" time="0.566" /><testcase classname="backend.tests.test_request_management.TestRequestTypesEndpoints" name="test_create_request_type_basic" time="0.097" /><testcase classname="backend.tests.test_request_management.TestRequestTypesEndpoints" name="test_create_request_type_with_custom_fields" time="0.098" /><testcase classname="backend.tests.test_request_management.TestRequestTypesEndpoints" name="test_create_request_type_with_workflow_steps" time="0.247" /><testcase classname="backend.tests.test_request_management.TestRequestTypesEndpoints" name="test_get_request_type_by_id" time="0.255" /><testcase classname="backend.tests.test_request_management.TestRequestTypesEndpoints" name="test_update_request_type" time="0.236" /><testcase classname="backend.tests.test_request_management.TestRequestTypesEndpoints" name="test_get_active_request_types_only" time="0.100" /><testcase classname="backend.tests.test_request_management.TestRequestTypesEndpoints" name="test_delete_request_type" time="0.331" /><testcase classname="backend.tests.test_request_management.TestWorkflowRequestsEndpoints" name="test_create_workflow_request" time="0.210" /><testcase classname="backend.tests.test_request_management.TestWorkflowRequestsEndpoints" name="test_create_workflow_request_missing_required_field" time="0.111" /><testcase classname="backend.tests.test_request_management.TestWorkflowRequestsEndpoints" name="test_get_workflow_requests_list" time="0.138" /><testcase classname="backend.tests.test_request_management.TestWorkflowRequestsEndpoints" name="test_get_my_submissions" time="0.209" /><testcase classname="backend.tests.test_request_management.TestWorkflowRequestsEndpoints" name="test_get_workflow_request_by_id" time="0.195" /><testcase classname="backend.tests.test_request_management.TestWorkflowRequestsEndpoints" name="test_cancel_workflow_request" time="0.308" /><testcase classname="backend.tests.test_request_management.TestWorkflowRequestsEndpoints" name="test_delete_workflow_request" time="0.306" /><testcase classname="backend.tests.test_request_management.TestWorkflowFileUpload" name="test_upload_step_file" time="0.319" /><testcase classname="backend.tests.test_request_management.TestWorkflowFileUpload" name="test_upload_wrong_file_type" time="0.350" /><testcase classname="backend.tests.test_request_management.TestWorkflowStats" name="test_get_workflow_stats" time="0.101" /><testcase classname="backend.tests.test_request_management.TestCleanup" name="test_cleanup_workflow_requests" time="0.590" /><testcase classname="backend.tests.test_request_management.TestCleanup" name="test_cleanup_request_types" time="0.877" /></testsuite></testsuites>