<?xml version="1.0" encoding="utf-8"?><testsuites name="pytest tests"><testsuite name="pytest" errors="0" failures="0" skipped="0" tests="8" time="6.692" timestamp="2026-04-07T11:44:04.662776+00:00" hostname="agent-env-1f9332a2-c7e4-4430-aa58-9a85db317673"><testcase classname="backend.tests.test_workflow_feature.TestWorkflowFeature" name="test_create_request_type_with_workflow_steps" time="0.584" /><testcase classname="backend.tests.test_workflow_feature.TestWorkflowFeature" name="test_public_request_types_includes_has_workflow_flag" time="0.105" /><testcase classname="backend.tests.test_workflow_feature.TestWorkflowFeature" name="test_dynamic_request_creates_workflow_request_when_steps_exist" time="0.937" /><testcase classname="backend.tests.test_workflow_feature.TestWorkflowFeature" name="test_get_workflow_requests" time="1.381" /><testcase classname="backend.tests.test_workflow_feature.TestWorkflowFeature" name="test_get_workflow_request_detail" time="1.270" /><testcase classname="backend.tests.test_workflow_feature.TestWorkflowFeature" name="test_get_workflow_stats" time="0.373" /><testcase classname="backend.tests.test_workflow_feature.TestWorkflowFeature" name="test_complete_workflow_step" time="1.437" /><testcase classname="backend.tests.test_workflow_feature.TestWorkflowRequestTypeValidation" name="test_request_type_without_workflow_steps" time="0.530" /></testsuite></testsuites>